[2026-07-21 02:45:18] Method: EMAIL, Recipient: priya@example.com, Customer: Priya
Content:
Subject: Special Offers on Amazon Just for You, Priya!

Hi Priya,

We noticed that you bought shirts/apparel from our store recently, and we want to share some exciting news! To show our appreciation for your loyalty, we have handpicked exclusive offers on Amazon for you:

🛍️ Shirts & Casual Wear - Up to 40% OFF
🚚 Free Express Shipping on your next order
💳 Additional 10% cashback using code: SHIRTLOVE

These deals are valid for the next 48 hours only. Don't miss out!

Shop now: https://www.amazon.com/fashion

Best regards,
Amazon Customer Relations & Retentions Team
--------------------------------------------------------------------------------
[2026-07-21 03:03:13] Method: EMAIL, Recipient: nt7722884@gmail.com, Customer: harsha
Content:
Subject: Special Offers on Amazon Just for You, harsha!

Hi harsha,

We noticed that you bought shirts/apparel from our store recently, and we want to share some exciting news! To show our appreciation for your loyalty, we have handpicked exclusive offers on Amazon for you:

🛍️ Shirts & Casual Wear - Up to 40% OFF
🚚 Free Express Shipping on your next order
💳 Additional 10% cashback using code: SHIRTLOVE

These deals are valid for the next 48 hours only. Don't miss out!

Shop now: https://www.amazon.com/fashion

Best regards,
Amazon Customer Relations & Retentions Team
--------------------------------------------------------------------------------
[2026-07-21 03:06:03] Method: SMS, Recipient: 9493392395, Customer: harsha
Content:
Hi harsha! We miss you. Since you bought shirts with us, get up to 40% OFF on Amazon with code SHIRTLOVE. Free delivery included! Shop now: http://amzn.to/shirtlove
--------------------------------------------------------------------------------
[2026-07-21 10:39:30] Method: SMS, Recipient: +919433923395, Real: False
Content:
Hi Priya! We miss you. Since you bought shirts with us, get up to 40% OFF on Amazon with code SHIRTLOVE. Free delivery included! Shop now: http://amzn.to/shirtlove
Note: No Twilio configured; running in demo/mock mode.
--------------------------------------------------------------------------------
[2026-07-21 10:43:21] Method: SMS, Recipient: 9493392395, Customer: harsha
Content:
Hi harsha! We miss you. Since you bought shirts with us, get up to 40% OFF on Amazon with code SHIRTLOVE. Free delivery included! Shop now: http://amzn.to/shirtlove
--------------------------------------------------------------------------------
[2026-07-21 10:48:03] Method: SMS, Recipient: 9493392395, Customer: harsha
Content:
Hi harsha! We miss you. Since you bought shirts with us, get up to 40% OFF on Amazon with code SHIRTLOVE. Free delivery included! Shop now: http://amzn.to/shirtlove
--------------------------------------------------------------------------------
[2026-07-21 10:55:21] Method: SMS, Recipient: +919493392395, Customer: ramu
Content:
Hi ramu! We miss you. Since you bought shirts with us, get up to 40% OFF on Amazon with code SHIRTLOVE. Free delivery included! Shop now: http://amzn.to/shirtlove
--------------------------------------------------------------------------------
[2026-07-21 11:01:17] Method: SMS, Recipient: +919493392395, Customer: priya
Content:
Hi priya! We miss you. Since you bought shirts with us, get up to 40% OFF on Amazon with code SHIRTLOVE. Free delivery included! Shop now: http://amzn.to/shirtlove
--------------------------------------------------------------------------------
[2026-07-21 11:19:23] Method: SMS, Recipient: +919493392395, Customer: siri
Content:
Hi siri! We miss you. Since you bought shirts with us, get up to 40% OFF on Amazon with code SHIRTLOVE. Free delivery included! Shop now: http://amzn.to/shirtlove
--------------------------------------------------------------------------------
[2026-07-21 12:40:27] Method: SMS, Recipient: +919493392395, Customer: siri
Content:
Hi siri! We miss you. Since you bought shirts with us, get up to 40% OFF on Amazon with code SHIRTLOVE. Free delivery included! Shop now: http://amzn.to/shirtlove
--------------------------------------------------------------------------------
